<?xml version="1.0" encoding="UTF-8"?>
<testsuite xmlns:xsi="http://www.w3.org/2001/XMLSchema-instance" xsi:noNamespaceSchemaLocation="https://maven.apache.org/surefire/maven-surefire-plugin/xsd/surefire-test-report.xsd" name="maven_11.AppTest" time="0.099" tests="1" errors="0" skipped="0" failures="0">
  <properties>
    <property name="sun.desktop" value="windows"/>
    <property name="awt.toolkit" value="sun.awt.windows.WToolkit"/>
    <property name="java.specification.version" value="11"/>
    <property name="sun.cpu.isalist" value="amd64"/>
    <property name="sun.jnu.encoding" value="Cp1252"/>
    <property name="java.class.path" value="C:\Users\emohdix\Desktop\maven_proj_1\target\test-classes;C:\Users\emohdix\Desktop\maven_proj_1\target\classes;C:\Users\emohdix\.m2\repository\junit\junit\4.11\junit-4.11.jar;C:\Users\emohdix\.m2\repository\org\hamcrest\hamcrest-core\1.3\hamcrest-core-1.3.jar;"/>
    <property name="java.vm.vendor" value="Oracle Corporation"/>
    <property name="sun.arch.data.model" value="64"/>
    <property name="user.variant" value=""/>
    <property name="java.vendor.url" value="https://openjdk.java.net/"/>
    <property name="user.timezone" value="Asia/Calcutta"/>
    <property name="java.vm.specification.version" value="11"/>
    <property name="os.name" value="Windows 10"/>
    <property name="sun.java.launcher" value="SUN_STANDARD"/>
    <property name="user.country" value="US"/>
    <property name="sun.boot.library.path" value="C:\Program Files\Java\jdk-11.0.17\bin"/>
    <property name="sun.java.command" value="C:\Users\emohdix\AppData\Local\Temp\surefire16466836752775646574\surefirebooter1895058043983182274.jar C:\Users\emohdix\AppData\Local\Temp\surefire16466836752775646574 2022-11-17T19-36-11_396-jvmRun1 surefire10577420324276193987tmp surefire_015533802785438789831tmp"/>
    <property name="jdk.debug" value="release"/>
    <property name="surefire.test.class.path" value="C:\Users\emohdix\Desktop\maven_proj_1\target\test-classes;C:\Users\emohdix\Desktop\maven_proj_1\target\classes;C:\Users\emohdix\.m2\repository\junit\junit\4.11\junit-4.11.jar;C:\Users\emohdix\.m2\repository\org\hamcrest\hamcrest-core\1.3\hamcrest-core-1.3.jar;"/>
    <property name="sun.cpu.endian" value="little"/>
    <property name="user.home" value="C:\Users\emohdix"/>
    <property name="user.language" value="en"/>
    <property name="java.specification.vendor" value="Oracle Corporation"/>
    <property name="java.version.date" value="2022-10-18"/>
    <property name="java.home" value="C:\Program Files\Java\jdk-11.0.17"/>
    <property name="file.separator" value="\"/>
    <property name="basedir" value="C:\Users\emohdix\Desktop\maven_proj_1"/>
    <property name="java.vm.compressedOopsMode" value="Zero based"/>
    <property name="line.separator" value="&#10;"/>
    <property name="java.specification.name" value="Java Platform API Specification"/>
    <property name="java.vm.specification.vendor" value="Oracle Corporation"/>
    <property name="java.awt.graphicsenv" value="sun.awt.Win32GraphicsEnvironment"/>
    <property name="surefire.real.class.path" value="C:\Users\emohdix\AppData\Local\Temp\surefire16466836752775646574\surefirebooter1895058043983182274.jar"/>
    <property name="user.script" value=""/>
    <property name="sun.management.compiler" value="HotSpot 64-Bit Tiered Compilers"/>
    <property name="java.runtime.version" value="11.0.17+10-LTS-269"/>
    <property name="user.name" value="emohdix"/>
    <property name="path.separator" value=";"/>
    <property name="os.version" value="10.0"/>
    <property name="java.runtime.name" value="Java(TM) SE Runtime Environment"/>
    <property name="file.encoding" value="Cp1252"/>
    <property name="java.vm.name" value="Java HotSpot(TM) 64-Bit Server VM"/>
    <property name="java.vendor.version" value="18.9"/>
    <property name="localRepository" value="C:\Users\emohdix\.m2\repository"/>
    <property name="java.vendor.url.bug" value="https://bugreport.java.com/bugreport/"/>
    <property name="java.io.tmpdir" value="C:\Users\emohdix\AppData\Local\Temp\"/>
    <property name="java.version" value="11.0.17"/>
    <property name="user.dir" value="C:\Users\emohdix\Desktop\maven_proj_1"/>
    <property name="os.arch" value="amd64"/>
    <property name="java.vm.specification.name" value="Java Virtual Machine Specification"/>
    <property name="java.awt.printerjob" value="sun.awt.windows.WPrinterJob"/>
    <property name="sun.os.patch.level" value=""/>
    <property name="java.library.path" value="C:\Program Files\Java\jdk-11.0.17\bin;C:\WINDOWS\Sun\Java\bin;C:\WINDOWS\system32;C:\WINDOWS;C:\Users\emohdix\bin;C:\Users\emohdix\AppData\Local\Programs\Git\mingw64\bin;C:\Users\emohdix\AppData\Local\Programs\Git\usr\local\bin;C:\Users\emohdix\AppData\Local\Programs\Git\usr\bin;C:\Users\emohdix\AppData\Local\Programs\Git\usr\bin;C:\Users\emohdix\AppData\Local\Programs\Git\mingw64\bin;C:\Users\emohdix\AppData\Local\Programs\Git\usr\bin;C:\Users\emohdix\bin;C:\Program Files\Common Files\Oracle\Java\javapath;C:\ProgramData\Oracle\Java\javapath;C:\WINDOWS\system32;C:\WINDOWS;C:\WINDOWS\System32\Wbem;C:\WINDOWS\System32\WindowsPowerShell\v1.0;C:\WINDOWS\System32\OpenSSH;C:\Program Files (x86)\Adaptiva\AdaptivaClient\bin\x32;C:\Program Files (x86)\Adaptiva\AdaptivaClient\bin\x64;C:\Program Files\dotnet;C:\Program Files (x86)\Common Files\EricssonShare;C:\Program Files (x86)\Pulse Secure\VC142.CRT\X64;C:\Program Files (x86)\Pulse Secure\VC142.CRT\X86;C:\Program Files\VanDyke Software\Clients;C:\WINDOWS\system32;C:\WINDOWS;C:\WINDOWS\System32\Wbem;C:\WINDOWS\System32\WindowsPowerShell\v1.0;C:\WINDOWS\System32\OpenSSH;C:\Program Files (x86)\Mitel\MiCC Enterprise\Applications\Bin;C:\Program Files (x86)\Common Files\EricssonShare\NextCCShare;C:\Program Files (x86)\Mitel\MiCC Enterprise\ScriptManager\Bin;C:\Program Files (x86)\Mitel\MiCC Enterprise\ScriptManager\Bin\ThirdParty;C:\Program Files\apache-maven-3.8.6\bin;C:\Users\emohdix\AppData\Local\Microsoft\WindowsApps;C:\Users\emohdix\.dotnet\tools;C:\Users\emohdix\AppData\Local\Programs\Git\cmd;C:\Users\emohdix\AppData\Local\atom\bin;C:\Users\emohdix\AppData\Local\Programs\Git\usr\bin\vendor_perl;C:\Users\emohdix\AppData\Local\Programs\Git\usr\bin\core_perl;."/>
    <property name="java.vendor" value="Oracle Corporation"/>
    <property name="java.vm.info" value="mixed mode"/>
    <property name="java.vm.version" value="11.0.17+10-LTS-269"/>
    <property name="sun.io.unicode.encoding" value="UnicodeLittle"/>
    <property name="java.class.version" value="55.0"/>
  </properties>
  <testcase name="shouldAnswerWithTrue" classname="maven_11.AppTest" time="0.003"/>
</testsuite>